This is pdfTeXk, Version 3.1415926-1.40.9 (Web2C 7.5.7) (format=pdflatex 2008.8.22)  29 MAY 2015 23:49
entering extended mode
 %&-line parsing enabled.
**FunctionalRequirements.tex
(./FunctionalRequirements.tex
LaTeX2e <2005/12/01>
Babel <v3.8l> and hyphenation patterns for english, usenglishmax, dumylang, noh
yphenation, german-x-2008-06-18, ngerman-x-2008-06-18, ancientgreek, ibycus, ar
abic, basque, bulgarian, catalan, pinyin, coptic, croatian, czech, danish, dutc
h, esperanto, estonian, farsi, finnish, french, galician, german, ngerman, mono
greek, greek, hungarian, icelandic, indonesian, interlingua, irish, italian, la
tin, mongolian, mongolian2a, bokmal, nynorsk, polish, portuguese, romanian, rus
sian, sanskrit, serbian, slovak, slovenian, spanish, swedish, turkish, ukenglis
h, ukrainian, uppersorbian, welsh, loaded.
(/usr/local/texlive/2008/texmf-dist/tex/latex/base/article.cls
Document Class: article 2005/09/16 v1.4f Standard LaTeX document class
(/usr/local/texlive/2008/texmf-dist/tex/latex/base/size11.clo
File: size11.clo 2005/09/16 v1.4f Standard LaTeX file (size option)
)
\c@part=\count79
\c@section=\count80
\c@subsection=\count81
\c@subsubsection=\count82
\c@paragraph=\count83
\c@subparagraph=\count84
\c@figure=\count85
\c@table=\count86
\abovecaptionskip=\skip41
\belowcaptionskip=\skip42
\bibindent=\dimen102
)
(/usr/local/texlive/2008/texmf-dist/tex/latex/oberdiek/pdflscape.sty
Package: pdflscape 2008/08/11 v0.10 Landscape pages in PDF (HO)

(/usr/local/texlive/2008/texmf-dist/tex/latex/graphics/lscape.sty
Package: lscape 2000/10/22 v3.01 Landscape Pages (DPC)

(/usr/local/texlive/2008/texmf-dist/tex/latex/graphics/graphics.sty
Package: graphics 2006/02/20 v1.0o Standard LaTeX Graphics (DPC,SPQR)

(/usr/local/texlive/2008/texmf-dist/tex/latex/graphics/trig.sty
Package: trig 1999/03/16 v1.09 sin cos tan (DPC)
)
(/usr/local/texlive/2008/texmf/tex/latex/config/graphics.cfg
File: graphics.cfg 2007/01/18 v1.5 graphics configuration of teTeX/TeXLive
)
Package graphics Info: Driver file: pdftex.def on input line 90.

(/usr/local/texlive/2008/texmf-dist/tex/latex/pdftex-def/pdftex.def
File: pdftex.def 2008/07/16 v0.04k Graphics/color for pdfTeX
\Gread@gobject=\count87
)))
(/usr/local/texlive/2008/texmf-dist/tex/generic/oberdiek/ifpdf.sty
Package: ifpdf 2007/12/12 v1.6 Provides the ifpdf switch (HO)
Package ifpdf Info: pdfTeX in pdf mode detected.
)
Package pdflscape Info: Auto-detected driver: pdftex on input line 75.

(/usr/local/texlive/2008/texmf-dist/tex/generic/ifxetex/ifxetex.sty
Package: ifxetex 2006/08/21 v0.3 Provides ifxetex conditional
))
(/usr/local/texlive/2008/texmf-dist/tex/latex/geometry/geometry.sty
Package: geometry 2002/07/08 v3.2 Page Geometry

(/usr/local/texlive/2008/texmf-dist/tex/latex/graphics/keyval.sty
Package: keyval 1999/03/16 v1.13 key=value parser (DPC)
\KV@toks@=\toks14
)
\Gm@cnth=\count88
\Gm@cntv=\count89
\c@Gm@tempcnt=\count90
\Gm@bindingoffset=\dimen103
\Gm@wd@mp=\dimen104
\Gm@odd@mp=\dimen105
\Gm@even@mp=\dimen106
\Gm@dimlist=\toks15

(/usr/local/texlive/2008/texmf-dist/tex/xelatex/xetexconfig/geometry.cfg))
(/usr/local/texlive/2008/texmf-dist/tex/latex/titling/titling.sty
Package: titling 2004/09/26 v2.1c maketitle typesetting
\thanksmarkwidth=\skip43
\thanksmargin=\skip44
\droptitle=\skip45
)
(/usr/local/texlive/2008/texmf-dist/tex/latex/graphics/graphicx.sty
Package: graphicx 1999/02/16 v1.0f Enhanced LaTeX Graphics (DPC,SPQR)
\Gin@req@height=\dimen107
\Gin@req@width=\dimen108
)
(/usr/local/texlive/2008/texmf-dist/tex/latex/titlesec/titlesec.sty
Package: titlesec 2007/08/12 v2.8 Sectioning titles
\ttl@box=\box26
\beforetitleunit=\skip46
\aftertitleunit=\skip47
\ttl@plus=\dimen109
\ttl@minus=\dimen110
\ttl@toksa=\toks16
\titlewidth=\dimen111
\titlewidthlast=\dimen112
\titlewidthfirst=\dimen113
)
(./FunctionalRequirements.aux)
\openout1 = `FunctionalRequirements.aux'.

LaTeX Font Info:    Checking defaults for OML/cmm/m/it on input line 18.
LaTeX Font Info:    ... okay on input line 18.
LaTeX Font Info:    Checking defaults for T1/cmr/m/n on input line 18.
LaTeX Font Info:    ... okay on input line 18.
LaTeX Font Info:    Checking defaults for OT1/cmr/m/n on input line 18.
LaTeX Font Info:    ... okay on input line 18.
LaTeX Font Info:    Checking defaults for OMS/cmsy/m/n on input line 18.
LaTeX Font Info:    ... okay on input line 18.
LaTeX Font Info:    Checking defaults for OMX/cmex/m/n on input line 18.
LaTeX Font Info:    ... okay on input line 18.
LaTeX Font Info:    Checking defaults for U/cmr/m/n on input line 18.
LaTeX Font Info:    ... okay on input line 18.

(/usr/local/texlive/2008/texmf-dist/tex/context/base/supp-pdf.tex
[Loading MPS to PDF converter (version 2006.09.02).]
\scratchcounter=\count91
\scratchdimen=\dimen114
\scratchbox=\box27
\nofMPsegments=\count92
\nofMParguments=\count93
\everyMPshowfont=\toks17
\MPscratchCnt=\count94
\MPscratchDim=\dimen115
\MPnumerator=\count95
\everyMPtoPDFconversion=\toks18
)
-------------------- Geometry parameters
paper: a4paper
landscape: --
twocolumn: --
twoside: --
asymmetric: --
h-parts: 72.26999pt, 452.9679pt, 72.26999pt
v-parts: 72.26999pt, 700.50687pt, 72.26999pt
hmarginratio: --
vmarginratio: --
lines: --
heightrounded: --
bindingoffset: 0.0pt
truedimen: --
includehead: --
includefoot: --
includemp: --
driver: pdftex
-------------------- Page layout dimensions and switches
\paperwidth  597.50787pt
\paperheight 845.04684pt
\textwidth  452.9679pt
\textheight 700.50687pt
\oddsidemargin  0.0pt
\evensidemargin 0.0pt
\topmargin  -37.0pt
\headheight 12.0pt
\headsep    25.0pt
\footskip   30.0pt
\marginparwidth 50.0pt
\marginparsep   10.0pt
\columnsep  10.0pt
\skip\footins  10.0pt plus 4.0pt minus 2.0pt
\hoffset 0.0pt
\voffset 0.0pt
\mag 1000

(1in=72.27pt, 1cm=28.45pt)
-----------------------
 <./Images/sambug.png, id=1, 513.92pt x 513.92pt>
File: ./Images/sambug.png Graphic file (type png)
 <use ./Images/sambug.png>
<./Images/logo.png, id=3, 642.4pt x 401.5pt>
File: ./Images/logo.png Graphic file (type png)
 <use ./Images/logo.png> [1

{/usr/local/texlive/2008/texmf-var/fonts/map/pdftex/updmap/pdftex.map} <./Image
s/sambug.png> <./Images/logo.png>] (./FunctionalRequirements.toc
LaTeX Font Info:    External font `cmex10' loaded for size
(Font)              <10.95> on input line 5.
LaTeX Font Info:    External font `cmex10' loaded for size
(Font)              <8> on input line 5.
LaTeX Font Info:    External font `cmex10' loaded for size
(Font)              <6> on input line 5.
)
\tf@toc=\write3
\openout3 = `FunctionalRequirements.toc'.

 [1]
Underfull \hbox (badness 10000) in paragraph at lines 68--72

 []

Missing character: There is no â in font cmr10!
Missing character: There is no € in font cmr10!
Missing character: There is no ™ in font cmr10!
<./Images/scope.jpg, id=16, 1258.7025pt x 667.49374pt>
File: ./Images/scope.jpg Graphic file (type jpg)

<use ./Images/scope.jpg> [2 <./Images/scope.jpg>]
<./Images/ScopeBugScouting.jpg, id=20, 626.34pt x 324.21124pt>
File: ./Images/ScopeBugScouting.jpg Graphic file (type jpg)

<use ./Images/ScopeBugScouting.jpg>
Underfull \hbox (badness 10000) in paragraph at lines 96--99

 []

<./Images/getInfo.jpg, id=21, 861.2175pt x 584.1825pt>
File: ./Images/getInfo.jpg Graphic file (type jpg)

<use ./Images/getInfo.jpg>
Underfull \hbox (badness 10000) in paragraph at lines 103--106

 []


Underfull \hbox (badness 10000) in paragraph at lines 103--106

 []

[3 <./Images/ScopeBugScouting.jpg>]
<./Images/updateInfo.jpg, id=26, 917.4275pt x 544.0325pt>
File: ./Images/updateInfo.jpg Graphic file (type jpg)

<use ./Images/updateInfo.jpg>
Underfull \hbox (badness 10000) in paragraph at lines 108--111

 []


Underfull \hbox (badness 10000) in paragraph at lines 108--111

 []

<./Images/showTripSummary.jpg, id=27, 836.12375pt x 684.5575pt>
File: ./Images/showTripSummary.jpg Graphic file (type jpg)

<use ./Images/showTripSummary.jpg>
Underfull \hbox (badness 10000) in paragraph at lines 113--116

 []


Underfull \hbox (badness 10000) in paragraph at lines 113--116

 []

[4 <./Images/getInfo.jpg> <./Images/updateInfo.jpg>]
Underfull \hbox (badness 10000) in paragraph at lines 118--119

 []


Underfull \hbox (badness 10000) in paragraph at lines 118--119

 []

<./Images/EnterTreatmentData.jpg, id=31, 819.06pt x 537.00626pt>
File: ./Images/EnterTreatmentData.jpg Graphic file (type jpg)

<use ./Images/EnterTreatmentData.jpg>
Underfull \hbox (badness 10000) in paragraph at lines 120--122

 []

[5 <./Images/showTripSummary.jpg>]
<./Images/enterScoutingData.jpg, id=35, 1651.16875pt x 716.6775pt>
File: ./Images/enterScoutingData.jpg Graphic file (type jpg)

<use ./Images/enterScoutingData.jpg>
<./Images/enterScoutingDataPS.jpg, id=36, 1713.40125pt x 873.2625pt>
File: ./Images/enterScoutingDataPS.jpg Graphic file (type jpg)

<use ./Images/enterScoutingDataPS.jpg>
Underfull \hbox (badness 10000) in paragraph at lines 124--129

 []


Underfull \hbox (badness 10000) in paragraph at lines 124--129

 []


Underfull \hbox (badness 10000) in paragraph at lines 124--129

 []

[6 <./Images/EnterTreatmentData.jpg> <./Images/enterScoutingData.jpg>]
<./Images/scopeBugIntel.jpg, id=41, 632.3625pt x 245.91875pt>
File: ./Images/scopeBugIntel.jpg Graphic file (type jpg)

<use ./Images/scopeBugIntel.jpg>
Underfull \hbox (badness 10000) in paragraph at lines 143--146

 []

<./Images/classifyBug.jpg, id=42, 779.91376pt x 487.8225pt>
File: ./Images/classifyBug.jpg Graphic file (type jpg)

<use ./Images/classifyBug.jpg>
Underfull \hbox (badness 10000) in paragraph at lines 150--153

 []


Underfull \hbox (badness 10000) in paragraph at lines 150--153

 []

[7 <./Images/enterScoutingDataPS.jpg> <./Images/scopeBugIntel.jpg>]
<./Images/classfyBugPS.jpg, id=46, 957.5775pt x 513.92pt>
File: ./Images/classfyBugPS.jpg Graphic file (type jpg)

<use ./Images/classfyBugPS.jpg>
Underfull \hbox (badness 10000) in paragraph at lines 154--156

 []

<./Images/updateBugKnowledgeBase.jpg, id=47, 838.13126pt x 477.785pt>
File: ./Images/updateBugKnowledgeBase.jpg Graphic file (type jpg)

<use ./Images/updateBugKnowledgeBase.jpg>
Underfull \hbox (badness 10000) in paragraph at lines 158--161

 []

[8 <./Images/classifyBug.jpg> <./Images/classfyBugPS.jpg>]
<./Images/readKnowledgeBase.jpg, id=51, 861.2175pt x 495.8525pt>
File: ./Images/readKnowledgeBase.jpg Graphic file (type jpg)

<use ./Images/readKnowledgeBase.jpg>
Underfull \hbox (badness 10000) in paragraph at lines 163--166

 []

[9 <./Images/updateBugKnowledgeBase.jpg> <./Images/readKnowledgeBase.jpg>]
<./Images/SecurityScope.jpg, id=55, 1124.2pt x 470.75874pt>
File: ./Images/SecurityScope.jpg Graphic file (type jpg)

<use ./Images/SecurityScope.jpg>
Underfull \hbox (badness 10000) in paragraph at lines 176--179

 []

<./Images/LoginSC.jpg, id=56, 871.255pt x 463.7325pt>
File: ./Images/LoginSC.jpg Graphic file (type jpg)

<use ./Images/LoginSC.jpg>
Underfull \hbox (badness 10000) in paragraph at lines 183--185

 []


Underfull \hbox (badness 10000) in paragraph at lines 183--185

 []

[10 <./Images/SecurityScope.jpg>]
<./Images/RegisterSC.jpg, id=60, 836.12375pt x 491.8375pt>
File: ./Images/RegisterSC.jpg Graphic file (type jpg)

<use ./Images/RegisterSC.jpg>
Underfull \hbox (badness 10000) in paragraph at lines 187--190

 []


Underfull \hbox (badness 10000) in paragraph at lines 187--190

 []

<./Images/LogoutSC.jpg, id=61, 653.44125pt x 316.18124pt>
File: ./Images/LogoutSC.jpg Graphic file (type jpg)

<use ./Images/LogoutSC.jpg>
Underfull \hbox (badness 10000) in paragraph at lines 192--195

 []


Underfull \hbox (badness 10000) in paragraph at lines 192--195

 []

[11 <./Images/LoginSC.jpg> <./Images/RegisterSC.jpg>]
<./Images/RecoverAccountSC.jpg, id=65, 913.4125pt x 469.755pt>
File: ./Images/RecoverAccountSC.jpg Graphic file (type jpg)

<use ./Images/RecoverAccountSC.jpg>
Underfull \hbox (badness 10000) in paragraph at lines 197--200

 []


Underfull \hbox (badness 10000) in paragraph at lines 197--200

 []


Underfull \hbox (badness 10000) in paragraph at lines 202--205

 []


Underfull \hbox (badness 10000) in paragraph at lines 202--205

 []


Underfull \hbox (badness 10000) in paragraph at lines 202--205

 []


Underfull \hbox (badness 10000) in paragraph at lines 206--209

 []


Underfull \hbox (badness 10000) in paragraph at lines 206--209

 []


Underfull \hbox (badness 10000) in paragraph at lines 206--209

 []

[12 <./Images/LogoutSC.jpg> <./Images/RecoverAccountSC.jpg>]
Underfull \hbox (badness 10000) in paragraph at lines 210--213

 []


Underfull \hbox (badness 10000) in paragraph at lines 210--213

 []


Underfull \hbox (badness 10000) in paragraph at lines 210--213

 []

<./Images/ReportingScope.jpg, id=70, 723.70375pt x 351.3125pt>
File: ./Images/ReportingScope.jpg Graphic file (type jpg)

<use ./Images/ReportingScope.jpg>
Underfull \hbox (badness 10000) in paragraph at lines 225--228

 []

<./Images/viewMapSC.jpg, id=71, 653.44125pt x 407.5225pt>
File: ./Images/viewMapSC.jpg Graphic file (type jpg)

<use ./Images/viewMapSC.jpg>
Underfull \hbox (badness 10000) in paragraph at lines 231--234

 []


Underfull \hbox (badness 10000) in paragraph at lines 231--234

 []

[13 <./Images/ReportingScope.jpg>]
<./Images/viewGraphSC.jpg, id=75, 667.49374pt x 428.60126pt>
File: ./Images/viewGraphSC.jpg Graphic file (type jpg)

<use ./Images/viewGraphSC.jpg>
Underfull \hbox (badness 10000) in paragraph at lines 236--239

 []


Underfull \hbox (badness 10000) in paragraph at lines 236--239

 []

[14 <./Images/viewMapSC.jpg>]
<./Images/viewHistoricalDataSC.jpg, id=79, 836.12375pt x 407.5225pt>
File: ./Images/viewHistoricalDataSC.jpg Graphic file (type jpg)

<use ./Images/viewHistoricalDataSC.jpg>
Underfull \hbox (badness 10000) in paragraph at lines 241--244

 []


Underfull \hbox (badness 10000) in paragraph at lines 241--244

 []

[15 <./Images/viewGraphSC.jpg> <./Images/viewHistoricalDataSC.jpg>]
(./FunctionalRequirements.aux) ) 
Here is how much of TeX's memory you used:
 1739 strings out of 493886
 25475 string characters out of 1151099
 76538 words of memory out of 3000000
 5003 multiletter control sequences out of 10000+50000
 8550 words of font info for 30 fonts, out of 3000000 for 5000
 714 hyphenation exceptions out of 8191
 32i,4n,32p,414b,178s stack positions out of 5000i,500n,10000p,200000b,50000s
</usr/local/texlive/2008/texmf-dist/fonts/type1
/bluesky/cm/cmbx10.pfb></usr/local/texlive/2008/texmf-dist/fonts/type1/bluesky/
cm/cmbx12.pfb></usr/local/texlive/2008/texmf-dist/fonts/type1/bluesky/cm/cmr10.
pfb></usr/local/texlive/2008/texmf-dist/fonts/type1/bluesky/cm/cmti10.pfb>
Output written on FunctionalRequirements.pdf (16 pages, 2877089 bytes).
PDF statistics:
 97 PDF objects out of 1000 (max. 8388607)
 0 named destinations out of 1000 (max. 131072)
 121 words of extra memory for PDF output out of 10000 (max. 10000000)

